[handleMsg]:  {
  key: {
    remoteJid: '51997178403@s.whatsapp.net',
    fromMe: false,
    id: '3EB074580B7193432EBC46',
    participant: undefined
  },
  messageTimestamp: 1684972773,
  pushName: 'Michel',
  message: Message {
    conversation: 'hola',
    messageContextInfo: MessageContextInfo {
      deviceListMetadata: [DeviceListMetadata],
      deviceListMetadataVersion: 2
    }
  },
  body: 'hola',
  from: '51997178403'
}
[handleMsg]:  {
  key: {
    remoteJid: '51997178403@s.whatsapp.net',
    fromMe: false,
    id: '3EB02A3139F95E8AB32C78',
    participant: undefined
  },
  messageTimestamp: 1684972774,
  pushName: 'Michel',
  message: Message {
    conversation: '3',
    messageContextInfo: MessageContextInfo {
      deviceListMetadata: [DeviceListMetadata],
      deviceListMetadataVersion: 2
    }
  },
  body: '3',
  from: '51997178403'
}
